<?xml version="1.0" encoding="UTF-8"?>
<testng-results ignored="0" total="1" passed="1" failed="0" skipped="0">
  <reporter-output>
  </reporter-output>
  <suite started-at="2021-04-19T12:32:16Z" name="Default suite" finished-at="2021-04-19T12:33:02Z" duration-ms="45494">
    <groups>
    </groups>
    <test started-at="2021-04-19T12:32:16Z" name="Default test" finished-at="2021-04-19T12:33:02Z" duration-ms="45494">
      <class name="com.softallinace.qa.sellenium_testone.App">
        <test-method signature="juiceLogin()[pri:0, instance:com.softallinace.qa.sellenium_testone.App@658c5a19]" started-at="2021-04-19T12:32:16Z" name="juiceLogin" finished-at="2021-04-19T12:33:02Z" duration-ms="45457" status="PASS">
          <reporter-output>
          </reporter-output>
        </test-method> <!-- juiceLogin -->
      </class> <!-- com.softallinace.qa.sellenium_testone.App -->
    </test> <!-- Default test -->
  </suite> <!-- Default suite -->
</testng-results>
